<?xml version="1.0" encoding="UTF-8"?>
<!-- Generated by org.testng.reporters.JUnitReportReporter -->
<testsuite hostname="T" failures="0" tests="4" name="Twarita.dataDrivenTesting.TestNGDataProviderWithExcel" time="0.009" errors="0" timestamp="2024-12-21T09:41:12 IST" skipped="0">
  <testcase classname="Twarita.dataDrivenTesting.TestNGDataProviderWithExcel" name="usingData" time="0.001"/>
  <testcase classname="Twarita.dataDrivenTesting.TestNGDataProviderWithExcel" name="usingData" time="0.005"/>
  <testcase classname="Twarita.dataDrivenTesting.TestNGDataProviderWithExcel" name="usingData" time="0.001"/>
  <testcase classname="Twarita.dataDrivenTesting.TestNGDataProviderWithExcel" name="usingData" time="0.002"/>
</testsuite> <!-- Twarita.dataDrivenTesting.TestNGDataProviderWithExcel -->
